--------------- /home/abdullah/Desktop/ML WITH JASON/chapter07/rescal_data.py at 2020-09-20 18:32:46.734069 -------------------             preg        plas        pres  ...        pedi         age       class
count  768.000000  768.000000  768.000000  ...  768.000000  768.000000  768.000000
mean     3.845052  120.894531   69.105469  ...    0.471876   33.240885    0.348958
std      3.369578   31.972618   19.355807  ...    0.331329   11.760232    0.476951
min      0.000000    0.000000    0.000000  ...    0.078000   21.000000    0.000000
25%      1.000000   99.000000   62.000000  ...    0.243750   24.000000    0.000000
50%      3.000000  117.000000   72.000000  ...    0.372500   29.000000    0.000000
75%      6.000000  140.250000   80.000000  ...    0.626250   41.000000    1.000000
max     17.000000  199.000000  122.000000  ...    2.420000   81.000000    1.000000

[8 rows x 9 columns]-------------------- DONE --------------------

------- /home/abdullah/Desktop/ML WITH JASON/chapter07/rescal_data.py  ---------
 ----------- at 2020-09-20 18:33:46.121501 ------             preg        plas        pres  ...        pedi         age       class
count  768.000000  768.000000  768.000000  ...  768.000000  768.000000  768.000000
mean     3.845052  120.894531   69.105469  ...    0.471876   33.240885    0.348958
std      3.369578   31.972618   19.355807  ...    0.331329   11.760232    0.476951
min      0.000000    0.000000    0.000000  ...    0.078000   21.000000    0.000000
25%      1.000000   99.000000   62.000000  ...    0.243750   24.000000    0.000000
50%      3.000000  117.000000   72.000000  ...    0.372500   29.000000    0.000000
75%      6.000000  140.250000   80.000000  ...    0.626250   41.000000    1.000000
max     17.000000  199.000000  122.000000  ...    2.420000   81.000000    1.000000

[8 rows x 9 columns]
-------------------- DONE --------------------

------- /home/abdullah/Desktop/ML WITH JASON/chapter07/rescal_data.py  ---------
 ----------- at 2020-09-20 18:34:03.954832 ------
             preg        plas        pres  ...        pedi         age       class
count  768.000000  768.000000  768.000000  ...  768.000000  768.000000  768.000000
mean     3.845052  120.894531   69.105469  ...    0.471876   33.240885    0.348958
std      3.369578   31.972618   19.355807  ...    0.331329   11.760232    0.476951
min      0.000000    0.000000    0.000000  ...    0.078000   21.000000    0.000000
25%      1.000000   99.000000   62.000000  ...    0.243750   24.000000    0.000000
50%      3.000000  117.000000   72.000000  ...    0.372500   29.000000    0.000000
75%      6.000000  140.250000   80.000000  ...    0.626250   41.000000    1.000000
max     17.000000  199.000000  122.000000  ...    2.420000   81.000000    1.000000

[8 rows x 9 columns]
-------------------- DONE --------------------

--- /home/abdullah/Desktop/ML WITH JASON/chapter07/rescal_data.py ---
 -------------------- at 2020-09-20 18:42:39.498249 --------------------
             preg        plas        pres  ...        pedi         age       class
count  768.000000  768.000000  768.000000  ...  768.000000  768.000000  768.000000
mean     3.845052  120.894531   69.105469  ...    0.471876   33.240885    0.348958
std      3.369578   31.972618   19.355807  ...    0.331329   11.760232    0.476951
min      0.000000    0.000000    0.000000  ...    0.078000   21.000000    0.000000
25%      1.000000   99.000000   62.000000  ...    0.243750   24.000000    0.000000
50%      3.000000  117.000000   72.000000  ...    0.372500   29.000000    0.000000
75%      6.000000  140.250000   80.000000  ...    0.626250   41.000000    1.000000
max     17.000000  199.000000  122.000000  ...    2.420000   81.000000    1.000000

[8 rows x 9 columns]
-------------------- DONE --------------------

--- /home/abdullah/Desktop/ML WITH JASON/chapter07/rescal_data.py ---
-------------------- at 2020-09-20 18:43:01.841332 --------------------
             preg        plas        pres  ...        pedi         age       class
count  768.000000  768.000000  768.000000  ...  768.000000  768.000000  768.000000
mean     3.845052  120.894531   69.105469  ...    0.471876   33.240885    0.348958
std      3.369578   31.972618   19.355807  ...    0.331329   11.760232    0.476951
min      0.000000    0.000000    0.000000  ...    0.078000   21.000000    0.000000
25%      1.000000   99.000000   62.000000  ...    0.243750   24.000000    0.000000
50%      3.000000  117.000000   72.000000  ...    0.372500   29.000000    0.000000
75%      6.000000  140.250000   80.000000  ...    0.626250   41.000000    1.000000
max     17.000000  199.000000  122.000000  ...    2.420000   81.000000    1.000000

[8 rows x 9 columns]
-------------------- DONE --------------------

---------- /home/abdullah/Desktop/ML WITH JASON/chapter07/rescal_data.py ----------
--------------------------- at 2020-09-20 18:44:01.855119 ---------------------------
             preg        plas        pres  ...        pedi         age       class
count  768.000000  768.000000  768.000000  ...  768.000000  768.000000  768.000000
mean     3.845052  120.894531   69.105469  ...    0.471876   33.240885    0.348958
std      3.369578   31.972618   19.355807  ...    0.331329   11.760232    0.476951
min      0.000000    0.000000    0.000000  ...    0.078000   21.000000    0.000000
25%      1.000000   99.000000   62.000000  ...    0.243750   24.000000    0.000000
50%      3.000000  117.000000   72.000000  ...    0.372500   29.000000    0.000000
75%      6.000000  140.250000   80.000000  ...    0.626250   41.000000    1.000000
max     17.000000  199.000000  122.000000  ...    2.420000   81.000000    1.000000

[8 rows x 9 columns]
-------------------------------------- DONE ---------------------------------

---------- /home/abdullah/Desktop/ML WITH JASON/chapter07/Standarize_data.py ----------
----------------------------- at 2020-09-21 05:01:54.107298 -----------------------------
[[ 0.64   0.848  0.15  ...  0.204  0.468  1.426]
 [-0.845 -1.123 -0.161 ... -0.684 -0.365 -0.191]
 [ 1.234  1.944 -0.264 ... -1.103  0.604 -0.106]
 ...
 [ 0.343  0.003  0.15  ... -0.735 -0.685 -0.276]
 [-0.845  0.16  -0.471 ... -0.24  -0.371  1.171]
 [-0.845 -0.873  0.046 ... -0.202 -0.474 -0.871]]
-------------------------------------- DONE ---------------------------------

---------- /home/abdullah/Desktop/ML WITH JASON/chapter07/normalize_data.py ----------
----------------------------- at 2020-09-21 05:08:37.862740 -----------------------------
[[0.034 0.828 0.403 ... 0.188 0.004 0.28 ]
 [0.008 0.716 0.556 ... 0.224 0.003 0.261]
 [0.04  0.924 0.323 ... 0.118 0.003 0.162]
 ...
 [0.027 0.651 0.388 ... 0.141 0.001 0.161]
 [0.007 0.838 0.399 ... 0.2   0.002 0.313]
 [0.008 0.736 0.554 ... 0.241 0.002 0.182]]
-------------------------------------- DONE ---------------------------------

---------- /home/abdullah/Desktop/ML WITH JASON/chapter07/normalize_data.py ----------
----------------------------- at 2020-09-21 05:09:23.498742 -----------------------------
[[0.034 0.828 0.403 ... 0.188 0.004 0.28 ]
 [0.008 0.716 0.556 ... 0.224 0.003 0.261]
 [0.04  0.924 0.323 ... 0.118 0.003 0.162]
 ...
 [0.027 0.651 0.388 ... 0.141 0.001 0.161]
 [0.007 0.838 0.399 ... 0.2   0.002 0.313]
 [0.008 0.736 0.554 ... 0.241 0.002 0.182]]
-------------------------------------- DONE ---------------------------------

---------- /home/abdullah/Desktop/ML WITH JASON/chapter07/normalize_data.py ----------
----------------------------- at 2020-09-21 05:09:35.375451 -----------------------------
[[0.034 0.828 0.403 ... 0.188 0.004 0.28 ]
 [0.008 0.716 0.556 ... 0.224 0.003 0.261]
 [0.04  0.924 0.323 ... 0.118 0.003 0.162]
 ...
 [0.027 0.651 0.388 ... 0.141 0.001 0.161]
 [0.007 0.838 0.399 ... 0.2   0.002 0.313]
 [0.008 0.736 0.554 ... 0.241 0.002 0.182]]
-------------------------------------- DONE ---------------------------------

---------- /home/abdullah/Desktop/ML WITH JASON/chapter07/normalize_data.py ----------
----------------------------- at 2020-09-21 05:09:35.403289 -----------------------------
   preg  plas  pres  skin  test  mass   pedi  age  class
0     6   148    72    35     0  33.6  0.627   50      1
1     1    85    66    29     0  26.6  0.351   31      0
2     8   183    64     0     0  23.3  0.672   32      1
3     1    89    66    23    94  28.1  0.167   21      0
4     0   137    40    35   168  43.1  2.288   33      1
-------------------------------------- DONE ---------------------------------

---------- /home/abdullah/Desktop/ML WITH JASON/chapter07/binarize_data.py ----------
---------------------------- at 2020-09-21 05:21:16.289130 ----------------------------
[[1. 1. 1. ... 1. 1. 1.]
 [1. 1. 1. ... 1. 1. 1.]
 [1. 1. 1. ... 1. 1. 1.]
 ...
 [1. 1. 1. ... 1. 1. 1.]
 [1. 1. 1. ... 1. 1. 1.]
 [1. 1. 1. ... 1. 1. 1.]]
-------------------------------------- DONE ---------------------------------

---------- /home/abdullah/Desktop/programming/ML_WITH_JASON/chapter07/Standarize_data.py ----------
----------------------------------- at 2020-10-09 06:20:18.717971 -----------------------------------
[[ 0.64   0.848  0.15  ...  0.204  0.468  1.426]
 [-0.845 -1.123 -0.161 ... -0.684 -0.365 -0.191]
 [ 1.234  1.944 -0.264 ... -1.103  0.604 -0.106]
 ...
 [ 0.343  0.003  0.15  ... -0.735 -0.685 -0.276]
 [-0.845  0.16  -0.471 ... -0.24  -0.371  1.171]
 [-0.845 -0.873  0.046 ... -0.202 -0.474 -0.871]]
-------------------------------------- DONE ---------------------------------

---------- /home/abdullah/Desktop/programming/ML_WITH_JASON/chapter07/Standarize_data.py ----------
----------------------------------- at 2020-10-09 06:20:19.160869 -----------------------------------
[[ 0.64   0.848  0.15  ...  0.204  0.468  1.426]
 [-0.845 -1.123 -0.161 ... -0.684 -0.365 -0.191]
 [ 1.234  1.944 -0.264 ... -1.103  0.604 -0.106]
 ...
 [ 0.343  0.003  0.15  ... -0.735 -0.685 -0.276]
 [-0.845  0.16  -0.471 ... -0.24  -0.371  1.171]
 [-0.845 -0.873  0.046 ... -0.202 -0.474 -0.871]]
-------------------------------------- DONE ---------------------------------

