[ 111.52  1411.887   17.605   53.108 2175.565  127.669    5.393  181.304]
[148.    0.   33.6  50. ]
[85.   0.  26.6 31. ]
[183.    0.   23.3  32. ]
[89.  94.  28.1 21. ]
[137.  168.   43.1  33. ]
[116.    0.   25.6  30. ]
[78. 88. 31. 26.]
[115.    0.   35.3  29. ]
[197.  543.   30.5  53. ]
[125.   0.   0.  54.]
[110.    0.   37.6  30. ]
[168.   0.  38.  34.]
[139.    0.   27.1  57. ]
[189.  846.   30.1  59. ]
[166.  175.   25.8  51. ]
[100.   0.  30.  32.]
[118.  230.   45.8  31. ]
[107.    0.   29.6  31. ]
[103.   83.   43.3  33. ]
[115.   96.   34.6  32. ]
[126.  235.   39.3  27. ]
[99.   0.  35.4 50. ]
[196.    0.   39.8  41. ]
[119.   0.  29.  29.]
[143.  146.   36.6  51. ]
[125.  115.   31.1  41. ]
[147.    0.   39.4  43. ]
[ 97.  140.   23.2  22. ]
[145.  110.   22.2  57. ]
[117.    0.   34.1  38. ]
[109.   0.  36.  60.]
[158.  245.   31.6  28. ]
[88.  54.  24.8 22. ]
[92.   0.  19.9 28. ]
[122.    0.   27.6  45. ]
[103. 192.  24.  33.]
[138.    0.   33.2  35. ]
[102.    0.   32.9  46. ]
[90.   0.  38.2 27. ]
[111.  207.   37.1  56. ]
[180.  70.  34.  26.]
[133.    0.   40.2  37. ]
[106.    0.   22.7  48. ]
[171.  240.   45.4  54. ]
[159.    0.   27.4  40. ]
[180.   0.  42.  25.]
[146.    0.   29.7  29. ]
[71.  0. 28. 22.]
[103.    0.   39.1  31. ]
[105.   0.   0.  24.]
[103.   82.   19.4  22. ]
[101.   36.   24.2  26. ]
[88.  23.  24.4 30. ]
[176.  300.   33.7  58. ]
[150.  342.   34.7  42. ]
[73.  0. 23. 21.]
[187.  304.   37.7  41. ]
[100.  110.   46.8  31. ]
[146.    0.   40.5  44. ]
[105.  142.   41.5  22. ]
[84.  0.  0. 21.]
[133.    0.   32.9  39. ]
[44.  0. 25. 36.]
[141.  128.   25.4  24. ]
[114.    0.   32.8  42. ]
[99.  0. 29. 32.]
[109.    0.   32.5  38. ]
[109.    0.   42.7  54. ]
[95.  38.  19.6 25. ]
[146.  100.   28.9  27. ]
[100.   90.   32.9  28. ]
[139.  140.   28.6  26. ]
[126.    0.   43.4  42. ]
[129.  270.   35.1  23. ]
[79.  0. 32. 22.]
[ 0.   0.  24.7 22. ]
[62.   0.  32.6 41. ]
[95.   0.  37.7 27. ]
[131.    0.   43.2  26. ]
[112.   0.  25.  24.]
[113.    0.   22.4  22. ]
[74.  0.  0. 22.]
[83.  71.  29.3 36. ]
[101.    0.   24.6  22. ]
[137.    0.   48.8  37. ]
[110.  125.   32.4  27. ]
[106.    0.   36.6  45. ]
[100.   71.   38.5  26. ]
[136.  110.   37.1  43. ]
[107.    0.   26.5  24. ]
[80.   0.  19.1 21. ]
[123. 176.  32.  34.]
[81.  48.  46.7 42. ]
[134.    0.   23.8  60. ]
[142.   64.   24.7  21. ]
[144.  228.   33.9  40. ]
[92.   0.  31.6 24. ]
[71.  76.  20.4 22. ]
[93.  64.  28.7 23. ]
[122.  220.   49.7  31. ]
[163.   0.  39.  33.]
[151.    0.   26.1  22. ]
[125.    0.   22.5  21. ]
[81.  40.  26.6 24. ]
[85.   0.  39.6 27. ]
[126.  152.   28.7  21. ]
[96.   0.  22.4 27. ]
[144.  140.   29.5  37. ]
[83.  18.  34.3 25. ]
[95.  36.  37.4 24. ]
[171.  135.   33.3  24. ]
[155. 495.  34.  46.]
[89.  37.  31.2 23. ]
[76.  0. 34. 25.]
[160.  175.   30.5  39. ]
[146.    0.   31.2  61. ]
[124.   0.  34.  38.]
[78.   0.  33.7 25. ]
[97.   0.  28.2 22. ]
[99.  51.  23.2 21. ]
[162.  100.   53.2  25. ]
[111.    0.   34.2  24. ]
[107.  100.   33.6  23. ]
[132.    0.   26.8  69. ]
[113.    0.   33.3  23. ]
[88. 99. 55. 26.]
[120.  135.   42.9  30. ]
[118.   94.   33.3  23. ]
[117.  145.   34.5  40. ]
[105.    0.   27.9  62. ]
[173.  168.   29.7  33. ]
[122.    0.   33.3  33. ]
[170.  225.   34.5  30. ]
[84.   0.  38.3 39. ]
[96.  49.  21.1 26. ]
[125.  140.   33.8  31. ]
[100.   50.   30.8  21. ]
[93.  92.  28.7 22. ]
[129.    0.   31.2  29. ]
[105.  325.   36.9  28. ]
[128.    0.   21.1  55. ]
[106.    0.   39.5  38. ]
[108.   63.   32.5  22. ]
[108.    0.   32.4  42. ]
[154.  284.   32.8  23. ]
[102.   0.   0.  21.]
[57.   0.  32.8 41. ]
[106.  119.   30.5  34. ]
[147.    0.   33.7  65. ]
[90.   0.  27.3 22. ]
[136.  204.   37.4  24. ]
[114.    0.   21.9  37. ]
[156.  155.   34.3  42. ]
[153.  485.   40.6  23. ]
[188.    0.   47.9  43. ]
[152.   0.  50.  36.]
[99.  94.  24.6 21. ]
[109.  135.   25.2  23. ]
[88. 53. 29. 22.]
[163.  114.   40.9  47. ]
[151.    0.   29.7  36. ]
[102.  105.   37.2  45. ]
[114.  285.   44.2  27. ]
[100.    0.   29.7  21. ]
[131.    0.   31.6  32. ]
[104.  156.   29.9  41. ]
[148.    0.   32.5  22. ]
[120.    0.   29.6  34. ]
[110.    0.   31.9  29. ]
[111.   78.   28.4  29. ]
[102.    0.   30.8  36. ]
[134.  130.   35.4  29. ]
[87.   0.  28.9 25. ]
[79.  48.  43.5 23. ]
[75.  55.  29.7 33. ]
[179.  130.   32.7  36. ]
[85.   0.  31.2 42. ]
[129.  130.   67.1  26. ]
[143.   0.  45.  47.]
[130.    0.   39.1  37. ]
[87.   0.  23.2 32. ]
[119.   92.   34.9  23. ]
[ 0.  23.  27.7 21. ]
[73.   0.  26.8 27. ]
[141.    0.   27.6  40. ]
[194.    0.   35.9  41. ]
[181.  495.   30.1  60. ]
[128.  58.  32.  33.]
[109.  114.   27.9  31. ]
[139.  160.   31.6  25. ]
[111.    0.   22.6  21. ]
[123.   94.   33.1  40. ]
[159.    0.   30.4  36. ]
[135.    0.   52.3  40. ]
[85.   0.  24.4 42. ]
[158.  210.   39.4  29. ]
[105.    0.   24.3  21. ]
[107.   48.   22.9  23. ]
[109.   99.   34.8  26. ]
[148.  318.   30.9  29. ]
[113.   0.  31.  21.]
[138.    0.   40.1  28. ]
[108.    0.   27.3  32. ]
[99.  44.  20.4 27. ]
[103.  190.   37.7  55. ]
[111.    0.   23.9  27. ]
[196.  280.   37.5  57. ]
[162.    0.   37.7  52. ]
[96.  87.  33.2 21. ]
[184.    0.   35.5  41. ]
[81.   0.  27.7 25. ]
[147.    0.   42.8  24. ]
[179.    0.   34.2  60. ]
[140.  130.   42.6  24. ]
[112.  175.   34.2  36. ]
[151.  271.   41.8  38. ]
[109.  129.   35.8  25. ]
[125. 120.  30.  32.]
[85.  0. 29. 32.]
[112.    0.   37.8  41. ]
[177.  478.   34.6  21. ]
[158.    0.   31.6  66. ]
[119.    0.   25.2  37. ]
[142.  190.   28.8  61. ]
[100.   56.   23.6  26. ]
[87.  32.  34.6 22. ]
[101.    0.   35.7  26. ]
[162.    0.   37.2  24. ]
[197.  744.   36.7  31. ]
[117.   53.   45.2  24. ]
[142.   0.  44.  22.]
[134.  370.   46.2  46. ]
[79.  37.  25.4 22. ]
[122.   0.  35.  29.]
[74.  45.  29.7 23. ]
[171.    0.   43.6  26. ]
[181.  192.   35.9  51. ]
[179.    0.   44.1  23. ]
[164.    0.   30.8  32. ]
[104.    0.   18.4  27. ]
[91.   0.  29.2 21. ]
[91.  88.  33.1 22. ]
[139.    0.   25.6  22. ]
[119.  176.   27.1  33. ]
[146.  194.   38.2  29. ]
[184.   0.  30.  49.]
[122.    0.   31.2  41. ]
[165.  680.   52.3  23. ]
[124.  402.   35.4  34. ]
[111.    0.   30.1  23. ]
[106.    0.   31.2  42. ]
[129.   0.  28.  27.]
[90.  55.  24.4 24. ]
[86.   0.  35.8 25. ]
[ 92.  258.   27.6  44. ]
[113.    0.   33.6  21. ]
[111.    0.   30.1  30. ]
[114.    0.   28.7  25. ]
[193.  375.   25.9  24. ]
[155.  150.   33.3  51. ]
[191.  130.   30.9  34. ]
[141.   0.  30.  27.]
[95.   0.  32.1 24. ]
[142.    0.   32.4  63. ]
[123.   0.  32.  35.]
[96.  67.  33.6 43. ]
[138.    0.   36.3  25. ]
[128.   0.  40.  24.]
[102.    0.   25.1  21. ]
[146.    0.   27.5  28. ]
[101.    0.   45.6  38. ]
[108.   56.   25.2  21. ]
[122.   0.  23.  40.]
[71.  45.  33.2 21. ]
[106.    0.   34.2  52. ]
[100.   57.   40.5  25. ]
[106.    0.   26.5  29. ]
[104.  116.   27.8  23. ]
[114.    0.   24.9  57. ]
[108.  278.   25.3  22. ]
[146.    0.   37.9  28. ]
[129.  122.   35.9  39. ]
[133.  155.   32.4  37. ]
[161.    0.   30.4  47. ]
[108.   0.  27.  52.]
[136. 135.  26.  51.]
[155.  545.   38.7  34. ]
[119.  220.   45.6  29. ]
[96.  49.  20.8 26. ]
[108.   75.   36.1  33. ]
[78.  40.  36.9 21. ]
[107.   74.   36.6  25. ]
[128.  182.   43.3  31. ]
[128.  194.   40.5  24. ]
[161.    0.   21.9  65. ]
[151.  120.   35.5  28. ]
[146. 360.  28.  29.]
[126.  215.   30.7  24. ]
[100.  184.   36.6  46. ]
[112.    0.   23.6  58. ]
[167.    0.   32.3  30. ]
[144.  135.   31.6  25. ]
[77.  42.  35.8 35. ]
[115.    0.   52.9  28. ]
[150.   0.  21.  37.]
[120.  105.   39.7  29. ]
[161.  132.   25.5  47. ]
[137.  148.   24.8  21. ]
[128.  180.   30.5  25. ]
[124.  205.   32.9  30. ]
[80.   0.  26.2 41. ]
[106.  148.   39.4  22. ]
[155.   96.   26.6  27. ]
[113.   85.   29.5  25. ]
[109.    0.   35.9  43. ]
[112.   94.   34.1  26. ]
[99.  64.  19.3 30. ]
[182.    0.   30.5  29. ]
[115.  140.   38.1  28. ]
[194.    0.   23.5  59. ]
[129.  231.   27.5  31. ]
[112.    0.   31.6  25. ]
[124.    0.   27.4  36. ]
[152.   29.   26.8  43. ]
[112.    0.   35.7  21. ]
[157.  168.   25.6  24. ]
[122.  156.   35.1  30. ]
[179.    0.   35.1  37. ]
[102.  120.   45.5  23. ]
[105.   68.   30.8  37. ]
[118.    0.   23.1  46. ]
[87.  52.  32.7 25. ]
[180.    0.   43.3  41. ]
[106.    0.   23.6  44. ]
[95.  58.  23.9 22. ]
[165.  255.   47.9  26. ]
[117.    0.   33.8  44. ]
[115.    0.   31.2  44. ]
[152.  171.   34.2  33. ]
[178.    0.   39.9  41. ]
[130.  105.   25.9  22. ]
[95.  73.  25.9 36. ]
[ 0.  0. 32. 22.]
[122.    0.   34.7  33. ]
[95.   0.  36.8 57. ]
[126.  108.   38.5  49. ]
[139.   83.   28.7  22. ]
[116.    0.   23.5  23. ]
[99.  74.  21.8 26. ]
[ 0.  0. 41. 37.]
[92.   0.  42.2 29. ]
[137.    0.   31.2  30. ]
[61.   0.  34.4 46. ]
[90.  43.  27.2 24. ]
[90.   0.  42.7 21. ]
[165.    0.   30.4  49. ]
[125.  167.   33.3  28. ]
[129.    0.   39.9  44. ]
[88.  54.  35.3 48. ]
[196.  249.   36.5  29. ]
[189.  325.   31.2  29. ]
[158.    0.   29.8  63. ]
[103.    0.   39.2  65. ]
[146.    0.   38.5  67. ]
[147.  293.   34.9  30. ]
[99. 83. 34. 30.]
[124.    0.   27.6  29. ]
[101.   0.  21.  21.]
[81.  66.  27.5 22. ]
[133.  140.   32.8  45. ]
[173.  465.   38.4  25. ]
[118.  89.   0.  21.]
[84.  66.  35.8 21. ]
[105.   94.   34.9  25. ]
[122.  158.   36.2  28. ]
[140.  325.   39.2  58. ]
[98.  84.  25.2 22. ]
[87.  75.  37.2 22. ]
[156.    0.   48.3  32. ]
[93.  72.  43.4 35. ]
[107.   82.   30.8  24. ]
[105.   0.  20.  22.]
[109.  182.   25.4  21. ]
[90.  59.  25.1 25. ]
[125.  110.   24.3  25. ]
[119.   50.   22.3  24. ]
[116.    0.   32.3  35. ]
[105.    0.   43.3  45. ]
[144. 285.  32.  58.]
[100.   81.   31.6  28. ]
[100. 196.  32.  42.]
[166.    0.   45.7  27. ]
[131.  415.   23.7  21. ]
[116.   87.   22.1  37. ]
[158.    0.   32.9  31. ]
[127.  275.   27.7  25. ]
[ 96.  115.   24.7  39. ]
[131.    0.   34.3  22. ]
[82.   0.  21.1 25. ]
[193.    0.   34.9  25. ]
[95.  0. 32. 31.]
[137.    0.   24.2  55. ]
[136.  88.  35.  35.]
[72.   0.  31.6 38. ]
[168.    0.   32.9  41. ]
[123.  165.   42.1  26. ]
[115.    0.   28.9  46. ]
[101.    0.   21.9  25. ]
[197.    0.   25.9  39. ]
[172.  579.   42.4  28. ]
[102.    0.   35.7  28. ]
[112.  176.   34.4  25. ]
[143.  310.   42.4  22. ]
[143.   61.   26.2  21. ]
[138.  167.   34.6  21. ]
[173.  474.   35.7  22. ]
[97.   0.  27.2 22. ]
[144.    0.   38.5  37. ]
[83.   0.  18.2 27. ]
[129.  115.   26.4  28. ]
[119.  170.   45.3  26. ]
[94. 76. 26. 21.]
[102.   78.   40.6  21. ]
[115.    0.   30.8  21. ]
[151.  210.   42.9  36. ]
[184. 277.  37.  31.]
[94.  0.  0. 25.]
[181.  180.   34.1  38. ]
[135.  145.   40.6  26. ]
[ 95. 180.  35.  43.]
[99.   0.  22.2 23. ]
[89.  85.  30.4 38. ]
[80. 60. 30. 22.]
[139.    0.   25.6  29. ]
[90.   0.  24.5 36. ]
[141.    0.   42.4  29. ]
[140.    0.   37.4  41. ]
[147.    0.   29.9  28. ]
[97.   0.  18.2 21. ]
[107.    0.   36.8  31. ]
[189.    0.   34.3  41. ]
[83.  50.  32.2 22. ]
[117.  120.   33.2  24. ]
[108.    0.   30.5  33. ]
[117.    0.   29.7  30. ]
[180.   14.   59.4  25. ]
[100.   70.   25.3  28. ]
[95.  92.  36.5 26. ]
[104.   64.   33.6  22. ]
[120.   63.   30.5  26. ]
[82.  95.  21.2 23. ]
[134.    0.   28.9  23. ]
[ 91.  210.   39.9  25. ]
[119.    0.   19.6  72. ]
[100.  105.   37.8  24. ]
[175.    0.   33.6  38. ]
[135.    0.   26.7  62. ]
[86.  71.  30.2 24. ]
[148.  237.   37.6  51. ]
[134.   60.   25.9  81. ]
[120.   56.   20.8  48. ]
[71.   0.  21.8 26. ]
[74.  49.  35.3 39. ]
[88.   0.  27.6 37. ]
[115.   0.  24.  34.]
[124.  105.   21.8  21. ]
[74.  36.  27.8 22. ]
[ 97.  100.   36.8  25. ]
[120.   0.  30.  38.]
[154.  140.   46.1  27. ]
[144.    0.   41.3  28. ]
[137.    0.   33.2  22. ]
[119.    0.   38.8  22. ]
[136.    0.   29.9  50. ]
[114.    0.   28.9  24. ]
[137.    0.   27.3  59. ]
[105.  191.   33.7  29. ]
[114.  110.   23.8  31. ]
[126.   75.   25.9  39. ]
[132.   0.  28.  63.]
[158.  328.   35.5  35. ]
[123.    0.   35.2  29. ]
[85.  49.  27.8 28. ]
[ 84.  125.   38.2  23. ]
[145.    0.   44.2  31. ]
[135.  250.   42.3  24. ]
[139.  480.   40.7  21. ]
[173.  265.   46.5  58. ]
[99.   0.  25.6 28. ]
[194.    0.   26.1  67. ]
[83.  66.  36.8 24. ]
[89.   0.  33.5 42. ]
[99.   0.  32.8 33. ]
[125.  122.   28.9  45. ]
[80.  0.  0. 22.]
[166.    0.   26.6  66. ]
[110.   0.  26.  30.]
[81.  76.  30.1 25. ]
[195.  145.   25.1  55. ]
[154.  193.   29.3  39. ]
[117.   71.   25.2  21. ]
[84.   0.  37.2 28. ]
[ 0.  0. 39. 41.]
[94.  79.  33.3 41. ]
[96.   0.  37.3 40. ]
[75.   0.  33.3 38. ]
[180.   90.   36.5  35. ]
[130.  170.   28.6  21. ]
[84.  76.  30.4 21. ]
[120.   0.  25.  64.]
[84.   0.  29.7 46. ]
[139.  210.   22.1  21. ]
[91.   0.  24.2 58. ]
[91.   0.  27.3 22. ]
[99.  86.  25.6 24. ]
[163.  105.   31.6  28. ]
[145.  165.   30.3  53. ]
[125.    0.   37.6  51. ]
[76.   0.  32.8 41. ]
[129.  326.   19.6  60. ]
[68. 66. 25. 25.]
[124.  130.   33.2  26. ]
[114.   0.   0.  26.]
[130.    0.   34.2  45. ]
[125.    0.   31.6  24. ]
[87.   0.  21.8 21. ]
[97.  82.  18.2 21. ]
[116.  105.   26.3  24. ]
[117.  188.   30.8  22. ]
[111.    0.   24.6  31. ]
[122.  106.   29.8  22. ]
[107.    0.   45.3  24. ]
[86.  65.  41.3 29. ]
[91.   0.  29.8 31. ]
[77.  56.  33.3 24. ]
[132.    0.   32.9  23. ]
[105.    0.   29.6  46. ]
[57.   0.  21.7 67. ]
[127.  210.   36.3  23. ]
[129.  155.   36.4  32. ]
[100.  215.   39.4  43. ]
[128.  190.   32.4  27. ]
[90.   0.  34.9 56. ]
[84.  56.  39.5 25. ]
[88. 76. 32. 29.]
[186.  225.   34.5  37. ]
[187.  207.   43.6  53. ]
[131.  166.   33.1  28. ]
[164.   67.   32.8  50. ]
[189.    0.   28.5  37. ]
[116.    0.   27.4  21. ]
[ 84.  106.   31.9  25. ]
[114.    0.   27.8  66. ]
[88.  44.  29.9 23. ]
[ 84.  115.   36.9  28. ]
[124.  215.   25.5  37. ]
[97.   0.  38.1 30. ]
[110.    0.   27.8  58. ]
[103.    0.   46.2  42. ]
[85.   0.  30.1 35. ]
[125.    0.   33.8  54. ]
[198.  274.   41.3  28. ]
[87.  77.  37.6 24. ]
[99.  54.  26.9 32. ]
[91.   0.  32.4 27. ]
[95.  88.  26.1 22. ]
[99.  18.  38.6 21. ]
[ 92. 126.  32.  46.]
[154.  126.   31.3  37. ]
[121.  165.   34.3  33. ]
[78.   0.  32.5 39. ]
[130.    0.   22.6  21. ]
[111.   44.   29.5  22. ]
[ 98.  120.   34.7  22. ]
[143.  330.   30.1  23. ]
[119.   63.   35.5  25. ]
[108. 130.  24.  35.]
[118.    0.   42.9  21. ]
[133.   0.  27.  36.]
[197.    0.   34.7  62. ]
[151.    0.   42.1  21. ]
[109.   0.  25.  27.]
[121.    0.   26.5  62. ]
[100.    0.   38.7  42. ]
[124.  600.   28.7  52. ]
[93.   0.  22.5 22. ]
[143.    0.   34.9  41. ]
[103.    0.   24.3  29. ]
[176.  156.   33.3  52. ]
[73.   0.  21.1 25. ]
[111.    0.   46.8  45. ]
[112.  140.   39.4  24. ]
[132.    0.   34.4  44. ]
[ 82.  115.   28.5  25. ]
[123.  230.   33.6  34. ]
[188. 185.  32.  22.]
[67.   0.  45.3 46. ]
[89.  25.  27.8 21. ]
[173.    0.   36.8  38. ]
[109.  120.   23.1  26. ]
[108.    0.   27.1  24. ]
[96.   0.  23.7 28. ]
[124.    0.   27.8  30. ]
[150.  126.   35.2  54. ]
[183.    0.   28.4  36. ]
[124.    0.   35.8  21. ]
[181. 293.  40.  22.]
[92.  41.  19.5 25. ]
[152.  272.   41.5  27. ]
[111. 182.  24.  23.]
[106.  158.   30.9  24. ]
[174.  194.   32.9  36. ]
[168.  321.   38.2  40. ]
[105.    0.   32.5  26. ]
[138.  144.   36.1  50. ]
[106.    0.   25.8  27. ]
[117.    0.   28.7  30. ]
[68.  15.  20.1 23. ]
[112.    0.   28.2  50. ]
[119.    0.   32.4  24. ]
[112.  160.   38.4  28. ]
[92.   0.  24.2 28. ]
[183.    0.   40.8  45. ]
[ 94.  115.   43.5  21. ]
[108.    0.   30.8  21. ]
[90.  54.  37.7 29. ]
[125.    0.   24.7  21. ]
[132.    0.   32.4  21. ]
[128.    0.   34.6  45. ]
[94.   0.  24.7 21. ]
[114.    0.   27.4  34. ]
[102.   90.   34.5  24. ]
[111.    0.   26.2  23. ]
[128.  183.   27.5  22. ]
[92.   0.  25.9 31. ]
[104.    0.   31.2  38. ]
[104.    0.   28.8  48. ]
[94.  66.  31.6 23. ]
[97.  91.  40.9 32. ]
[100.   46.   19.5  28. ]
[102.  105.   29.3  27. ]
[128.    0.   34.3  24. ]
[147.    0.   29.5  50. ]
[90.  0. 28. 31.]
[103.  152.   27.6  27. ]
[157.  440.   39.4  30. ]
[167.  144.   23.4  33. ]
[179.  159.   37.8  22. ]
[136.  130.   28.3  42. ]
[107.    0.   26.4  23. ]
[ 91.  100.   25.2  23. ]
[117.  106.   33.8  27. ]
[123.   77.   34.1  28. ]
[120.    0.   26.8  27. ]
[106.  135.   34.2  22. ]
[155.  540.   38.7  25. ]
[101.   90.   21.8  22. ]
[120.  200.   38.9  41. ]
[127.   0.  39.  51.]
[80.  70.  34.2 27. ]
[162.    0.   27.7  54. ]
[199.    0.   42.9  22. ]
[167.  231.   37.6  43. ]
[145.  130.   37.9  40. ]
[115.    0.   33.7  40. ]
[112.  132.   34.8  24. ]
[145.    0.   32.5  70. ]
[111.    0.   27.5  40. ]
[ 98. 190.  34.  43.]
[154.  100.   30.9  45. ]
[165.  168.   33.6  49. ]
[99.   0.  25.4 21. ]
[68.  49.  35.5 47. ]
[123.  240.   57.3  22. ]
[91.   0.  35.6 68. ]
[195.    0.   30.9  31. ]
[156.    0.   24.8  53. ]
[93.   0.  35.3 25. ]
[121.   0.  36.  25.]
[101.  265.   24.2  23. ]
[56.  45.  24.2 22. ]
[162.    0.   49.6  26. ]
[ 95.  105.   44.6  22. ]
[125.    0.   32.3  27. ]
[136.   0.   0.  69.]
[129.  205.   33.2  25. ]
[130.    0.   23.1  22. ]
[107.    0.   28.3  29. ]
[140.  180.   24.1  23. ]
[144.  180.   46.1  46. ]
[107.    0.   24.6  34. ]
[158.    0.   42.3  44. ]
[121.   95.   39.1  23. ]
[129.  125.   38.5  43. ]
[90.   0.  23.5 25. ]
[142.  480.   30.4  43. ]
[169.  125.   29.9  31. ]
[99.  0. 25. 22.]
[127.  155.   34.5  28. ]
[118.    0.   44.5  26. ]
[122.  200.   35.9  26. ]
[125.    0.   27.6  49. ]
[168.   0.  35.  52.]
[129.    0.   38.5  41. ]
[110.  100.   28.4  27. ]
[80.   0.  39.8 28. ]
[115.   0.   0.  30.]
[127.  335.   34.4  22. ]
[164.    0.   32.8  45. ]
[ 93. 160.  38.  23.]
[158.  387.   31.2  24. ]
[126.   22.   29.6  40. ]
[129.    0.   41.2  38. ]
[134.  291.   26.4  21. ]
[102.    0.   29.5  32. ]
[187.  392.   33.9  34. ]
[173.  185.   33.8  31. ]
[94.   0.  23.1 56. ]
[108.  178.   35.5  24. ]
[97.   0.  35.6 52. ]
[83.   0.  29.3 34. ]
[114.  200.   38.1  21. ]
[149.  127.   29.3  42. ]
[117.  105.   39.1  42. ]
[111.    0.   32.8  45. ]
[112.    0.   39.4  38. ]
[116.  180.   36.1  25. ]
[141.    0.   32.4  22. ]
[175.    0.   22.9  22. ]
[92.   0.  30.1 22. ]
[130.   79.   28.4  34. ]
[120.    0.   28.4  22. ]
[174.  120.   44.5  24. ]
[106. 165.  29.  22.]
[105.    0.   23.3  53. ]
[95.   0.  35.4 28. ]
[126.  120.   27.4  21. ]
[65.  0. 32. 42.]
[ 99.  160.   36.6  21. ]
[102.    0.   39.5  42. ]
[120.  150.   42.3  48. ]
[102.   94.   30.8  26. ]
[109.  116.   28.5  22. ]
[140.    0.   32.7  45. ]
[153.  140.   40.6  39. ]
[100. 105.  30.  46.]
[147.    0.   49.3  27. ]
[81.  57.  46.3 32. ]
[187.  200.   36.4  36. ]
[162.    0.   24.3  50. ]
[136.    0.   31.2  22. ]
[121.  74.  39.  28.]
[108.   0.  26.  25.]
[181.  510.   43.3  26. ]
[154.    0.   32.4  45. ]
[128.  110.   36.5  37. ]
[137.   0.  32.  39.]
[123.    0.   36.3  52. ]
[106.    0.   37.5  26. ]
[190.    0.   35.5  66. ]
[88.  16.  28.4 22. ]
[170.   0.  44.  43.]
[89.   0.  22.5 33. ]
[101.  180.   32.9  63. ]
[122.    0.   36.8  27. ]
[121.  112.   26.2  30. ]
[126.    0.   30.1  47. ]
[93.   0.  30.4 23. ]
[ 111.52  1411.887   17.605   53.108 2175.565  127.669    5.393  181.304]
[148.    0.   33.6  50. ]
[85.   0.  26.6 31. ]
[183.    0.   23.3  32. ]
[89.  94.  28.1 21. ]
[137.  168.   43.1  33. ]
[116.    0.   25.6  30. ]
[78. 88. 31. 26.]
[115.    0.   35.3  29. ]
[197.  543.   30.5  53. ]
[125.   0.   0.  54.]
[110.    0.   37.6  30. ]
[168.   0.  38.  34.]
[139.    0.   27.1  57. ]
[189.  846.   30.1  59. ]
[166.  175.   25.8  51. ]
[100.   0.  30.  32.]
[118.  230.   45.8  31. ]
[107.    0.   29.6  31. ]
[103.   83.   43.3  33. ]
[115.   96.   34.6  32. ]
[126.  235.   39.3  27. ]
[99.   0.  35.4 50. ]
[196.    0.   39.8  41. ]
[119.   0.  29.  29.]
[143.  146.   36.6  51. ]
[125.  115.   31.1  41. ]
[147.    0.   39.4  43. ]
[ 97.  140.   23.2  22. ]
[145.  110.   22.2  57. ]
[117.    0.   34.1  38. ]
[109.   0.  36.  60.]
[158.  245.   31.6  28. ]
[88.  54.  24.8 22. ]
[92.   0.  19.9 28. ]
[122.    0.   27.6  45. ]
[103. 192.  24.  33.]
[138.    0.   33.2  35. ]
[102.    0.   32.9  46. ]
[90.   0.  38.2 27. ]
[111.  207.   37.1  56. ]
[180.  70.  34.  26.]
[133.    0.   40.2  37. ]
[106.    0.   22.7  48. ]
[171.  240.   45.4  54. ]
[159.    0.   27.4  40. ]
[180.   0.  42.  25.]
[146.    0.   29.7  29. ]
[71.  0. 28. 22.]
[103.    0.   39.1  31. ]
[105.   0.   0.  24.]
[103.   82.   19.4  22. ]
[101.   36.   24.2  26. ]
[88.  23.  24.4 30. ]
[176.  300.   33.7  58. ]
[150.  342.   34.7  42. ]
[73.  0. 23. 21.]
[187.  304.   37.7  41. ]
[100.  110.   46.8  31. ]
[146.    0.   40.5  44. ]
[105.  142.   41.5  22. ]
[84.  0.  0. 21.]
[133.    0.   32.9  39. ]
[44.  0. 25. 36.]
[141.  128.   25.4  24. ]
[114.    0.   32.8  42. ]
[99.  0. 29. 32.]
[109.    0.   32.5  38. ]
[109.    0.   42.7  54. ]
[95.  38.  19.6 25. ]
[146.  100.   28.9  27. ]
[100.   90.   32.9  28. ]
[139.  140.   28.6  26. ]
[126.    0.   43.4  42. ]
[129.  270.   35.1  23. ]
[79.  0. 32. 22.]
[ 0.   0.  24.7 22. ]
[62.   0.  32.6 41. ]
[95.   0.  37.7 27. ]
[131.    0.   43.2  26. ]
[112.   0.  25.  24.]
[113.    0.   22.4  22. ]
[74.  0.  0. 22.]
[83.  71.  29.3 36. ]
[101.    0.   24.6  22. ]
[137.    0.   48.8  37. ]
[110.  125.   32.4  27. ]
[106.    0.   36.6  45. ]
[100.   71.   38.5  26. ]
[136.  110.   37.1  43. ]
[107.    0.   26.5  24. ]
[80.   0.  19.1 21. ]
[123. 176.  32.  34.]
[81.  48.  46.7 42. ]
[134.    0.   23.8  60. ]
[142.   64.   24.7  21. ]
[144.  228.   33.9  40. ]
[92.   0.  31.6 24. ]
[71.  76.  20.4 22. ]
[93.  64.  28.7 23. ]
[122.  220.   49.7  31. ]
[163.   0.  39.  33.]
[151.    0.   26.1  22. ]
[125.    0.   22.5  21. ]
[81.  40.  26.6 24. ]
[85.   0.  39.6 27. ]
[126.  152.   28.7  21. ]
[96.   0.  22.4 27. ]
[144.  140.   29.5  37. ]
[83.  18.  34.3 25. ]
[95.  36.  37.4 24. ]
[171.  135.   33.3  24. ]
[155. 495.  34.  46.]
[89.  37.  31.2 23. ]
[76.  0. 34. 25.]
[160.  175.   30.5  39. ]
[146.    0.   31.2  61. ]
[124.   0.  34.  38.]
[78.   0.  33.7 25. ]
[97.   0.  28.2 22. ]
[99.  51.  23.2 21. ]
[162.  100.   53.2  25. ]
[111.    0.   34.2  24. ]
[107.  100.   33.6  23. ]
[132.    0.   26.8  69. ]
[113.    0.   33.3  23. ]
[88. 99. 55. 26.]
[120.  135.   42.9  30. ]
[118.   94.   33.3  23. ]
[117.  145.   34.5  40. ]
[105.    0.   27.9  62. ]
[173.  168.   29.7  33. ]
[122.    0.   33.3  33. ]
[170.  225.   34.5  30. ]
[84.   0.  38.3 39. ]
[96.  49.  21.1 26. ]
[125.  140.   33.8  31. ]
[100.   50.   30.8  21. ]
[93.  92.  28.7 22. ]
[129.    0.   31.2  29. ]
[105.  325.   36.9  28. ]
[128.    0.   21.1  55. ]
[106.    0.   39.5  38. ]
[108.   63.   32.5  22. ]
[108.    0.   32.4  42. ]
[154.  284.   32.8  23. ]
[102.   0.   0.  21.]
[57.   0.  32.8 41. ]
[106.  119.   30.5  34. ]
[147.    0.   33.7  65. ]
[90.   0.  27.3 22. ]
[136.  204.   37.4  24. ]
[114.    0.   21.9  37. ]
[156.  155.   34.3  42. ]
[153.  485.   40.6  23. ]
[188.    0.   47.9  43. ]
[152.   0.  50.  36.]
[99.  94.  24.6 21. ]
[109.  135.   25.2  23. ]
[88. 53. 29. 22.]
[163.  114.   40.9  47. ]
[151.    0.   29.7  36. ]
[102.  105.   37.2  45. ]
[114.  285.   44.2  27. ]
[100.    0.   29.7  21. ]
[131.    0.   31.6  32. ]
[104.  156.   29.9  41. ]
[148.    0.   32.5  22. ]
[120.    0.   29.6  34. ]
[110.    0.   31.9  29. ]
[111.   78.   28.4  29. ]
[102.    0.   30.8  36. ]
[134.  130.   35.4  29. ]
[87.   0.  28.9 25. ]
[79.  48.  43.5 23. ]
[75.  55.  29.7 33. ]
[179.  130.   32.7  36. ]
[85.   0.  31.2 42. ]
[129.  130.   67.1  26. ]
[143.   0.  45.  47.]
[130.    0.   39.1  37. ]
[87.   0.  23.2 32. ]
[119.   92.   34.9  23. ]
[ 0.  23.  27.7 21. ]
[73.   0.  26.8 27. ]
[141.    0.   27.6  40. ]
[194.    0.   35.9  41. ]
[181.  495.   30.1  60. ]
[128.  58.  32.  33.]
[109.  114.   27.9  31. ]
[139.  160.   31.6  25. ]
[111.    0.   22.6  21. ]
[123.   94.   33.1  40. ]
[159.    0.   30.4  36. ]
[135.    0.   52.3  40. ]
[85.   0.  24.4 42. ]
[158.  210.   39.4  29. ]
[105.    0.   24.3  21. ]
[107.   48.   22.9  23. ]
[109.   99.   34.8  26. ]
[148.  318.   30.9  29. ]
[113.   0.  31.  21.]
[138.    0.   40.1  28. ]
[108.    0.   27.3  32. ]
[99.  44.  20.4 27. ]
[103.  190.   37.7  55. ]
[111.    0.   23.9  27. ]
[196.  280.   37.5  57. ]
[162.    0.   37.7  52. ]
[96.  87.  33.2 21. ]
[184.    0.   35.5  41. ]
[81.   0.  27.7 25. ]
[147.    0.   42.8  24. ]
[179.    0.   34.2  60. ]
[140.  130.   42.6  24. ]
[112.  175.   34.2  36. ]
[151.  271.   41.8  38. ]
[109.  129.   35.8  25. ]
[125. 120.  30.  32.]
[85.  0. 29. 32.]
[112.    0.   37.8  41. ]
[177.  478.   34.6  21. ]
[158.    0.   31.6  66. ]
[119.    0.   25.2  37. ]
[142.  190.   28.8  61. ]
[100.   56.   23.6  26. ]
[87.  32.  34.6 22. ]
[101.    0.   35.7  26. ]
[162.    0.   37.2  24. ]
[197.  744.   36.7  31. ]
[117.   53.   45.2  24. ]
[142.   0.  44.  22.]
[134.  370.   46.2  46. ]
[79.  37.  25.4 22. ]
[122.   0.  35.  29.]
[74.  45.  29.7 23. ]
[171.    0.   43.6  26. ]
[181.  192.   35.9  51. ]
[179.    0.   44.1  23. ]
[164.    0.   30.8  32. ]
[104.    0.   18.4  27. ]
[91.   0.  29.2 21. ]
[91.  88.  33.1 22. ]
[139.    0.   25.6  22. ]
[119.  176.   27.1  33. ]
[146.  194.   38.2  29. ]
[184.   0.  30.  49.]
[122.    0.   31.2  41. ]
[165.  680.   52.3  23. ]
[124.  402.   35.4  34. ]
[111.    0.   30.1  23. ]
[106.    0.   31.2  42. ]
[129.   0.  28.  27.]
[90.  55.  24.4 24. ]
[86.   0.  35.8 25. ]
[ 92.  258.   27.6  44. ]
[113.    0.   33.6  21. ]
[111.    0.   30.1  30. ]
[114.    0.   28.7  25. ]
[193.  375.   25.9  24. ]
[155.  150.   33.3  51. ]
[191.  130.   30.9  34. ]
[141.   0.  30.  27.]
[95.   0.  32.1 24. ]
[142.    0.   32.4  63. ]
[123.   0.  32.  35.]
[96.  67.  33.6 43. ]
[138.    0.   36.3  25. ]
[128.   0.  40.  24.]
[102.    0.   25.1  21. ]
[146.    0.   27.5  28. ]
[101.    0.   45.6  38. ]
[108.   56.   25.2  21. ]
[122.   0.  23.  40.]
[71.  45.  33.2 21. ]
[106.    0.   34.2  52. ]
[100.   57.   40.5  25. ]
[106.    0.   26.5  29. ]
[104.  116.   27.8  23. ]
[114.    0.   24.9  57. ]
[108.  278.   25.3  22. ]
[146.    0.   37.9  28. ]
[129.  122.   35.9  39. ]
[133.  155.   32.4  37. ]
[161.    0.   30.4  47. ]
[108.   0.  27.  52.]
[136. 135.  26.  51.]
[155.  545.   38.7  34. ]
[119.  220.   45.6  29. ]
[96.  49.  20.8 26. ]
[108.   75.   36.1  33. ]
[78.  40.  36.9 21. ]
[107.   74.   36.6  25. ]
[128.  182.   43.3  31. ]
[128.  194.   40.5  24. ]
[161.    0.   21.9  65. ]
[151.  120.   35.5  28. ]
[146. 360.  28.  29.]
[126.  215.   30.7  24. ]
[100.  184.   36.6  46. ]
[112.    0.   23.6  58. ]
[167.    0.   32.3  30. ]
[144.  135.   31.6  25. ]
[77.  42.  35.8 35. ]
[115.    0.   52.9  28. ]
[150.   0.  21.  37.]
[120.  105.   39.7  29. ]
[161.  132.   25.5  47. ]
[137.  148.   24.8  21. ]
[128.  180.   30.5  25. ]
[124.  205.   32.9  30. ]
[80.   0.  26.2 41. ]
[106.  148.   39.4  22. ]
[155.   96.   26.6  27. ]
[113.   85.   29.5  25. ]
[109.    0.   35.9  43. ]
[112.   94.   34.1  26. ]
[99.  64.  19.3 30. ]
[182.    0.   30.5  29. ]
[115.  140.   38.1  28. ]
[194.    0.   23.5  59. ]
[129.  231.   27.5  31. ]
[112.    0.   31.6  25. ]
[124.    0.   27.4  36. ]
[152.   29.   26.8  43. ]
[112.    0.   35.7  21. ]
[157.  168.   25.6  24. ]
[122.  156.   35.1  30. ]
[179.    0.   35.1  37. ]
[102.  120.   45.5  23. ]
[105.   68.   30.8  37. ]
[118.    0.   23.1  46. ]
[87.  52.  32.7 25. ]
[180.    0.   43.3  41. ]
[106.    0.   23.6  44. ]
[95.  58.  23.9 22. ]
[165.  255.   47.9  26. ]
[117.    0.   33.8  44. ]
[115.    0.   31.2  44. ]
[152.  171.   34.2  33. ]
[178.    0.   39.9  41. ]
[130.  105.   25.9  22. ]
[95.  73.  25.9 36. ]
[ 0.  0. 32. 22.]
[122.    0.   34.7  33. ]
[95.   0.  36.8 57. ]
[126.  108.   38.5  49. ]
[139.   83.   28.7  22. ]
[116.    0.   23.5  23. ]
[99.  74.  21.8 26. ]
[ 0.  0. 41. 37.]
[92.   0.  42.2 29. ]
[137.    0.   31.2  30. ]
[61.   0.  34.4 46. ]
[90.  43.  27.2 24. ]
[90.   0.  42.7 21. ]
[165.    0.   30.4  49. ]
[125.  167.   33.3  28. ]
[129.    0.   39.9  44. ]
[88.  54.  35.3 48. ]
[196.  249.   36.5  29. ]
[189.  325.   31.2  29. ]
[158.    0.   29.8  63. ]
[103.    0.   39.2  65. ]
[146.    0.   38.5  67. ]
[147.  293.   34.9  30. ]
[99. 83. 34. 30.]
[124.    0.   27.6  29. ]
[101.   0.  21.  21.]
[81.  66.  27.5 22. ]
[133.  140.   32.8  45. ]
[173.  465.   38.4  25. ]
[118.  89.   0.  21.]
[84.  66.  35.8 21. ]
[105.   94.   34.9  25. ]
[122.  158.   36.2  28. ]
[140.  325.   39.2  58. ]
[98.  84.  25.2 22. ]
[87.  75.  37.2 22. ]
[156.    0.   48.3  32. ]
[93.  72.  43.4 35. ]
[107.   82.   30.8  24. ]
[105.   0.  20.  22.]
[109.  182.   25.4  21. ]
[90.  59.  25.1 25. ]
[125.  110.   24.3  25. ]
[119.   50.   22.3  24. ]
[116.    0.   32.3  35. ]
[105.    0.   43.3  45. ]
[144. 285.  32.  58.]
[100.   81.   31.6  28. ]
[100. 196.  32.  42.]
[166.    0.   45.7  27. ]
[131.  415.   23.7  21. ]
[116.   87.   22.1  37. ]
[158.    0.   32.9  31. ]
[127.  275.   27.7  25. ]
[ 96.  115.   24.7  39. ]
[131.    0.   34.3  22. ]
[82.   0.  21.1 25. ]
[193.    0.   34.9  25. ]
[95.  0. 32. 31.]
[137.    0.   24.2  55. ]
[136.  88.  35.  35.]
[72.   0.  31.6 38. ]
[168.    0.   32.9  41. ]
[123.  165.   42.1  26. ]
[115.    0.   28.9  46. ]
[101.    0.   21.9  25. ]
[197.    0.   25.9  39. ]
[172.  579.   42.4  28. ]
[102.    0.   35.7  28. ]
[112.  176.   34.4  25. ]
[143.  310.   42.4  22. ]
[143.   61.   26.2  21. ]
[138.  167.   34.6  21. ]
[173.  474.   35.7  22. ]
[97.   0.  27.2 22. ]
[144.    0.   38.5  37. ]
[83.   0.  18.2 27. ]
[129.  115.   26.4  28. ]
[119.  170.   45.3  26. ]
[94. 76. 26. 21.]
[102.   78.   40.6  21. ]
[115.    0.   30.8  21. ]
[151.  210.   42.9  36. ]
[184. 277.  37.  31.]
[94.  0.  0. 25.]
[181.  180.   34.1  38. ]
[135.  145.   40.6  26. ]
[ 95. 180.  35.  43.]
[99.   0.  22.2 23. ]
[89.  85.  30.4 38. ]
[80. 60. 30. 22.]
[139.    0.   25.6  29. ]
[90.   0.  24.5 36. ]
[141.    0.   42.4  29. ]
[140.    0.   37.4  41. ]
[147.    0.   29.9  28. ]
[97.   0.  18.2 21. ]
[107.    0.   36.8  31. ]
[189.    0.   34.3  41. ]
[83.  50.  32.2 22. ]
[117.  120.   33.2  24. ]
[108.    0.   30.5  33. ]
[117.    0.   29.7  30. ]
[180.   14.   59.4  25. ]
[100.   70.   25.3  28. ]
[95.  92.  36.5 26. ]
[104.   64.   33.6  22. ]
[120.   63.   30.5  26. ]
[82.  95.  21.2 23. ]
[134.    0.   28.9  23. ]
[ 91.  210.   39.9  25. ]
[119.    0.   19.6  72. ]
[100.  105.   37.8  24. ]
[175.    0.   33.6  38. ]
[135.    0.   26.7  62. ]
[86.  71.  30.2 24. ]
[148.  237.   37.6  51. ]
[134.   60.   25.9  81. ]
[120.   56.   20.8  48. ]
[71.   0.  21.8 26. ]
[74.  49.  35.3 39. ]
[88.   0.  27.6 37. ]
[115.   0.  24.  34.]
[124.  105.   21.8  21. ]
[74.  36.  27.8 22. ]
[ 97.  100.   36.8  25. ]
[120.   0.  30.  38.]
[154.  140.   46.1  27. ]
[144.    0.   41.3  28. ]
[137.    0.   33.2  22. ]
[119.    0.   38.8  22. ]
[136.    0.   29.9  50. ]
[114.    0.   28.9  24. ]
[137.    0.   27.3  59. ]
[105.  191.   33.7  29. ]
[114.  110.   23.8  31. ]
[126.   75.   25.9  39. ]
[132.   0.  28.  63.]
[158.  328.   35.5  35. ]
[123.    0.   35.2  29. ]
[85.  49.  27.8 28. ]
[ 84.  125.   38.2  23. ]
[145.    0.   44.2  31. ]
[135.  250.   42.3  24. ]
[139.  480.   40.7  21. ]
[173.  265.   46.5  58. ]
[99.   0.  25.6 28. ]
[194.    0.   26.1  67. ]
[83.  66.  36.8 24. ]
[89.   0.  33.5 42. ]
[99.   0.  32.8 33. ]
[125.  122.   28.9  45. ]
[80.  0.  0. 22.]
[166.    0.   26.6  66. ]
[110.   0.  26.  30.]
[81.  76.  30.1 25. ]
[195.  145.   25.1  55. ]
[154.  193.   29.3  39. ]
[117.   71.   25.2  21. ]
[84.   0.  37.2 28. ]
[ 0.  0. 39. 41.]
[94.  79.  33.3 41. ]
[96.   0.  37.3 40. ]
[75.   0.  33.3 38. ]
[180.   90.   36.5  35. ]
[130.  170.   28.6  21. ]
[84.  76.  30.4 21. ]
[120.   0.  25.  64.]
[84.   0.  29.7 46. ]
[139.  210.   22.1  21. ]
[91.   0.  24.2 58. ]
[91.   0.  27.3 22. ]
[99.  86.  25.6 24. ]
[163.  105.   31.6  28. ]
[145.  165.   30.3  53. ]
[125.    0.   37.6  51. ]
[76.   0.  32.8 41. ]
[129.  326.   19.6  60. ]
[68. 66. 25. 25.]
[124.  130.   33.2  26. ]
[114.   0.   0.  26.]
[130.    0.   34.2  45. ]
[125.    0.   31.6  24. ]
[87.   0.  21.8 21. ]
[97.  82.  18.2 21. ]
[116.  105.   26.3  24. ]
[117.  188.   30.8  22. ]
[111.    0.   24.6  31. ]
[122.  106.   29.8  22. ]
[107.    0.   45.3  24. ]
[86.  65.  41.3 29. ]
[91.   0.  29.8 31. ]
[77.  56.  33.3 24. ]
[132.    0.   32.9  23. ]
[105.    0.   29.6  46. ]
[57.   0.  21.7 67. ]
[127.  210.   36.3  23. ]
[129.  155.   36.4  32. ]
[100.  215.   39.4  43. ]
[128.  190.   32.4  27. ]
[90.   0.  34.9 56. ]
[84.  56.  39.5 25. ]
[88. 76. 32. 29.]
[186.  225.   34.5  37. ]
[187.  207.   43.6  53. ]
[131.  166.   33.1  28. ]
[164.   67.   32.8  50. ]
[189.    0.   28.5  37. ]
[116.    0.   27.4  21. ]
[ 84.  106.   31.9  25. ]
[114.    0.   27.8  66. ]
[88.  44.  29.9 23. ]
[ 84.  115.   36.9  28. ]
[124.  215.   25.5  37. ]
[97.   0.  38.1 30. ]
[110.    0.   27.8  58. ]
[103.    0.   46.2  42. ]
[85.   0.  30.1 35. ]
[125.    0.   33.8  54. ]
[198.  274.   41.3  28. ]
[87.  77.  37.6 24. ]
[99.  54.  26.9 32. ]
[91.   0.  32.4 27. ]
[95.  88.  26.1 22. ]
[99.  18.  38.6 21. ]
[ 92. 126.  32.  46.]
[154.  126.   31.3  37. ]
[121.  165.   34.3  33. ]
[78.   0.  32.5 39. ]
[130.    0.   22.6  21. ]
[111.   44.   29.5  22. ]
[ 98.  120.   34.7  22. ]
[143.  330.   30.1  23. ]
[119.   63.   35.5  25. ]
[108. 130.  24.  35.]
[118.    0.   42.9  21. ]
[133.   0.  27.  36.]
[197.    0.   34.7  62. ]
[151.    0.   42.1  21. ]
[109.   0.  25.  27.]
[121.    0.   26.5  62. ]
[100.    0.   38.7  42. ]
[124.  600.   28.7  52. ]
[93.   0.  22.5 22. ]
[143.    0.   34.9  41. ]
[103.    0.   24.3  29. ]
[176.  156.   33.3  52. ]
[73.   0.  21.1 25. ]
[111.    0.   46.8  45. ]
[112.  140.   39.4  24. ]
[132.    0.   34.4  44. ]
[ 82.  115.   28.5  25. ]
[123.  230.   33.6  34. ]
[188. 185.  32.  22.]
[67.   0.  45.3 46. ]
[89.  25.  27.8 21. ]
[173.    0.   36.8  38. ]
[109.  120.   23.1  26. ]
[108.    0.   27.1  24. ]
[96.   0.  23.7 28. ]
[124.    0.   27.8  30. ]
[150.  126.   35.2  54. ]
[183.    0.   28.4  36. ]
[124.    0.   35.8  21. ]
[181. 293.  40.  22.]
[92.  41.  19.5 25. ]
[152.  272.   41.5  27. ]
[111. 182.  24.  23.]
[106.  158.   30.9  24. ]
[174.  194.   32.9  36. ]
[168.  321.   38.2  40. ]
[105.    0.   32.5  26. ]
[138.  144.   36.1  50. ]
[106.    0.   25.8  27. ]
[117.    0.   28.7  30. ]
[68.  15.  20.1 23. ]
[112.    0.   28.2  50. ]
[119.    0.   32.4  24. ]
[112.  160.   38.4  28. ]
[92.   0.  24.2 28. ]
[183.    0.   40.8  45. ]
[ 94.  115.   43.5  21. ]
[108.    0.   30.8  21. ]
[90.  54.  37.7 29. ]
[125.    0.   24.7  21. ]
[132.    0.   32.4  21. ]
[128.    0.   34.6  45. ]
[94.   0.  24.7 21. ]
[114.    0.   27.4  34. ]
[102.   90.   34.5  24. ]
[111.    0.   26.2  23. ]
[128.  183.   27.5  22. ]
[92.   0.  25.9 31. ]
[104.    0.   31.2  38. ]
[104.    0.   28.8  48. ]
[94.  66.  31.6 23. ]
[97.  91.  40.9 32. ]
[100.   46.   19.5  28. ]
[102.  105.   29.3  27. ]
[128.    0.   34.3  24. ]
[147.    0.   29.5  50. ]
[90.  0. 28. 31.]
[103.  152.   27.6  27. ]
[157.  440.   39.4  30. ]
[167.  144.   23.4  33. ]
[179.  159.   37.8  22. ]
[136.  130.   28.3  42. ]
[107.    0.   26.4  23. ]
[ 91.  100.   25.2  23. ]
[117.  106.   33.8  27. ]
[123.   77.   34.1  28. ]
[120.    0.   26.8  27. ]
[106.  135.   34.2  22. ]
[155.  540.   38.7  25. ]
[101.   90.   21.8  22. ]
[120.  200.   38.9  41. ]
[127.   0.  39.  51.]
[80.  70.  34.2 27. ]
[162.    0.   27.7  54. ]
[199.    0.   42.9  22. ]
[167.  231.   37.6  43. ]
[145.  130.   37.9  40. ]
[115.    0.   33.7  40. ]
[112.  132.   34.8  24. ]
[145.    0.   32.5  70. ]
[111.    0.   27.5  40. ]
[ 98. 190.  34.  43.]
[154.  100.   30.9  45. ]
[165.  168.   33.6  49. ]
[99.   0.  25.4 21. ]
[68.  49.  35.5 47. ]
[123.  240.   57.3  22. ]
[91.   0.  35.6 68. ]
[195.    0.   30.9  31. ]
[156.    0.   24.8  53. ]
[93.   0.  35.3 25. ]
[121.   0.  36.  25.]
[101.  265.   24.2  23. ]
[56.  45.  24.2 22. ]
[162.    0.   49.6  26. ]
[ 95.  105.   44.6  22. ]
[125.    0.   32.3  27. ]
[136.   0.   0.  69.]
[129.  205.   33.2  25. ]
[130.    0.   23.1  22. ]
[107.    0.   28.3  29. ]
[140.  180.   24.1  23. ]
[144.  180.   46.1  46. ]
[107.    0.   24.6  34. ]
[158.    0.   42.3  44. ]
[121.   95.   39.1  23. ]
[129.  125.   38.5  43. ]
[90.   0.  23.5 25. ]
[142.  480.   30.4  43. ]
[169.  125.   29.9  31. ]
[99.  0. 25. 22.]
[127.  155.   34.5  28. ]
[118.    0.   44.5  26. ]
[122.  200.   35.9  26. ]
[125.    0.   27.6  49. ]
[168.   0.  35.  52.]
[129.    0.   38.5  41. ]
[110.  100.   28.4  27. ]
[80.   0.  39.8 28. ]
[115.   0.   0.  30.]
[127.  335.   34.4  22. ]
[164.    0.   32.8  45. ]
[ 93. 160.  38.  23.]
[158.  387.   31.2  24. ]
[126.   22.   29.6  40. ]
[129.    0.   41.2  38. ]
[134.  291.   26.4  21. ]
[102.    0.   29.5  32. ]
[187.  392.   33.9  34. ]
[173.  185.   33.8  31. ]
[94.   0.  23.1 56. ]
[108.  178.   35.5  24. ]
[97.   0.  35.6 52. ]
[83.   0.  29.3 34. ]
[114.  200.   38.1  21. ]
[149.  127.   29.3  42. ]
[117.  105.   39.1  42. ]
[111.    0.   32.8  45. ]
[112.    0.   39.4  38. ]
[116.  180.   36.1  25. ]
[141.    0.   32.4  22. ]
[175.    0.   22.9  22. ]
[92.   0.  30.1 22. ]
[130.   79.   28.4  34. ]
[120.    0.   28.4  22. ]
[174.  120.   44.5  24. ]
[106. 165.  29.  22.]
[105.    0.   23.3  53. ]
[95.   0.  35.4 28. ]
[126.  120.   27.4  21. ]
[65.  0. 32. 42.]
[ 99.  160.   36.6  21. ]
[102.    0.   39.5  42. ]
[120.  150.   42.3  48. ]
[102.   94.   30.8  26. ]
[109.  116.   28.5  22. ]
[140.    0.   32.7  45. ]
[153.  140.   40.6  39. ]
[100. 105.  30.  46.]
[147.    0.   49.3  27. ]
[81.  57.  46.3 32. ]
[187.  200.   36.4  36. ]
[162.    0.   24.3  50. ]
[136.    0.   31.2  22. ]
[121.  74.  39.  28.]
[108.   0.  26.  25.]
[181.  510.   43.3  26. ]
[154.    0.   32.4  45. ]
[128.  110.   36.5  37. ]
[137.   0.  32.  39.]
[123.    0.   36.3  52. ]
[106.    0.   37.5  26. ]
[190.    0.   35.5  66. ]
[88.  16.  28.4 22. ]
[170.   0.  44.  43.]
[89.   0.  22.5 33. ]
[101.  180.   32.9  63. ]
[122.    0.   36.8  27. ]
[121.  112.   26.2  30. ]
[126.    0.   30.1  47. ]
[93.   0.  30.4 23. ]
